<?xml version="1.0" encoding="UTF-8"?>
<!-- Generated by org.testng.reporters.JUnitReportReporter -->
<testsuite skipped="0" hostname="LAPTOP-HC64QLTM" name="com.ecom.qa.testcases.SearchPageTest" tests="2" failures="0" timestamp="07 May 2020 12:35:52 GMT" time="45.947" errors="0">
  <testcase name="signUpLetterTest" time="22.600" classname="com.ecom.qa.testcases.SearchPageTest"/>
  <testcase name="signUpLetterTest" time="23.347" classname="com.ecom.qa.testcases.SearchPageTest"/>
</testsuite> <!-- com.ecom.qa.testcases.SearchPageTest -->
