<?xml version="1.0" encoding="UTF-8"?>
<!-- Generated by org.testng.reporters.JUnitReportReporter -->
<testsuite skipped="0" hostname="LAPTOP-HC64QLTM" name="com.ecom.qa.testcases.PartsPageTest" tests="2" failures="0" timestamp="07 May 2020 07:57:34 GMT" time="19.544" errors="0">
  <testcase name="selectPartsAccessoriesPageTest" time="5.493" classname="com.ecom.qa.testcases.PartsPageTest"/>
  <testcase name="selectPartsAccessoriesPageTest" time="14.051" classname="com.ecom.qa.testcases.PartsPageTest"/>
</testsuite> <!-- com.ecom.qa.testcases.PartsPageTest -->
