<?xml version="1.0" encoding="UTF-8"?>
<!-- Generated by org.testng.reporters.JUnitReportReporter -->
<testsuite skipped="0" hostname="LAPTOP-HC64QLTM" name="com.ecom.qa.testcases.ProductsPageTest" tests="2" failures="0" timestamp="07 May 2020 07:33:30 GMT" time="18.761" errors="0">
  <testcase name="selectProductTest" time="9.627" classname="com.ecom.qa.testcases.ProductsPageTest"/>
  <testcase name="selectProductTest" time="9.134" classname="com.ecom.qa.testcases.ProductsPageTest"/>
</testsuite> <!-- com.ecom.qa.testcases.ProductsPageTest -->
