<?xml version="1.0" encoding="UTF-8"?>
<!-- Generated by org.testng.reporters.JUnitReportReporter -->
<testsuite skipped="0" hostname="LAPTOP-HC64QLTM" name="com.ecom.qa.testcases.SignUpPageTest" tests="2" failures="0" timestamp="07 May 2020 07:33:30 GMT" time="16.283" errors="0">
  <testcase name="signUpLetterTest" time="8.470" classname="com.ecom.qa.testcases.SignUpPageTest"/>
  <testcase name="signUpLetterTest" time="7.813" classname="com.ecom.qa.testcases.SignUpPageTest"/>
</testsuite> <!-- com.ecom.qa.testcases.SignUpPageTest -->
