<?xml version="1.0" encoding="UTF-8"?>
<!-- Generated by org.testng.reporters.JUnitReportReporter -->
<testsuite skipped="0" hostname="LAPTOP-HC64QLTM" name="com.ecom.qa.base.BasePage" tests="1" failures="0" timestamp="05 May 2020 17:06:48 GMT" time="15.666" errors="0">
  <testcase name="initialization" time="15.666" classname="com.ecom.qa.base.BasePage"/>
</testsuite> <!-- com.ecom.qa.base.BasePage -->
