<?xml version="1.0" encoding="UTF-8"?>
<!-- Generated by org.testng.reporters.JUnitReportReporter -->
<testsuite skipped="0" hostname="LAPTOP-HC64QLTM" name="com.ecom.qa.testcases.RecipesPageTest" tests="1" failures="0" timestamp="07 May 2020 07:33:30 GMT" time="8.990" errors="0">
  <testcase name="selectRecipesTest" time="8.990" classname="com.ecom.qa.testcases.RecipesPageTest"/>
</testsuite> <!-- com.ecom.qa.testcases.RecipesPageTest -->
