<?xml version="1.0" encoding="UTF-8"?>
<!-- Generated by org.testng.reporters.JUnitReportReporter -->
<testsuite skipped="0" hostname="LAPTOP-HC64QLTM" name="com.ecom.qa.testcases.HomePageTest" tests="1" failures="0" timestamp="07 May 2020 07:33:30 GMT" time="0.761" errors="0">
  <testcase name="verifyHomePageTitleTest" time="0.761" classname="com.ecom.qa.testcases.HomePageTest"/>
</testsuite> <!-- com.ecom.qa.testcases.HomePageTest -->
